<?xml version="1.0" encoding="UTF-8"?>
<!-- Generated by org.testng.reporters.JUnitReportReporter -->
<testsuite hostname="DESKTOP-TEM3JOI" failures="0" tests="1" name="app.testautomation.API.CoronaVaccineAvailabilityCheck" time="3.412" errors="0" timestamp="2021-08-09T00:59:32 IST" skipped="0">
  <testcase classname="app.testautomation.API.CoronaVaccineAvailabilityCheck" name="checkVaccineBasedOnZipCode" time="3.412"/>
  <system-out>
    <![CDATA[The get request got executed successfully to find the Corona vaccine availability for Zipcode :560100and for the Date:13-08-2021
<html><head><style>table, th, td {border: 1px solid black;}</style></head><body><table><tr><th> Area</th><th> medical center Name </th><th> Address </th><th> Vaccine Name </th><th> Available Date </th></tr><tr><td>Bommanahalli</td><td>BLOSSOM HOSPITALS C-1</td><td>NO.98.OPP OLD RTO OFFICE NAGUNATHAPURA</td><td>COVAXIN</td><td>13-08-2021</td></tr><tr><td>Bommanahalli</td><td>DEV HEALTH CARE CENTRE</td><td>Shop No 5253 And 54 Meenakshi Layout Opposite Police Quarters Choodasandra Bengaluru Karnataka 560100</td><td>COVISHIELD</td><td>13-08-2021</td></tr><tr><td>Anekal</td><td>Springleaf Healthcare</td><td>Konappana Agrahara Housr Mani Road</td><td>COVISHIELD</td><td>13-08-2021</td></tr></table></body></html>]]>
  </system-out>
</testsuite> <!-- app.testautomation.API.CoronaVaccineAvailabilityCheck -->
