<?xml version="1.0" encoding="UTF-8"?>
<!-- Generated by org.testng.reporters.JUnitReportReporter -->
<testsuite hostname="DESKTOP-TEM3JOI" failures="0" tests="1" name="app.testautomation.UI.Add_Verify_MyBasketItems" time="16.433" errors="0" timestamp="2021-08-09T01:06:21 IST" skipped="0">
  <testcase classname="app.testautomation.UI.Add_Verify_MyBasketItems" name="addVerifyItemsInBasket" time="16.433"/>
  <system-out>
    <![CDATA[Application https://www.bigbasket.com/ Launched
Rice - Item Searched successfully 
BB Royal Rice - Raw, Sona Masoori 5 kg - Item added successfully 
BB Royal Rice - Raw, Sona Masoori 5 kg - The added item is displayed in Basket correctly]]>
  </system-out>
</testsuite> <!-- app.testautomation.UI.Add_Verify_MyBasketItems -->
